<?xml version="1.0" encoding="UTF-8" ?>
<testsuite tests="9" failures="0" name="io.grpc.examples.routeguide.RouteGuideClientTest" time="0.21" errors="0" skipped="0">
  <properties>
[...]
</properties>
  <testcase classname="io.grpc.examples.routeguide.RouteGuideClientTest" name="recordRoute_serverError" time="0.053"/>
  <testcase classname="io.grpc.examples.routeguide.RouteGuideClientTest" name="routeChat_echoResponse" time="0.024"/>
  <testcase classname="io.grpc.examples.routeguide.RouteGuideClientTest" name="routeChat_simpleResponse" time="0.011"/>
  <testcase classname="io.grpc.examples.routeguide.RouteGuideClientTest" name="getFeature" time="0.007"/>
  <testcase classname="io.grpc.examples.routeguide.RouteGuideClientTest" name="routeChat_errorResponse" time="0.014"/>
  <testcase classname="io.grpc.examples.routeguide.RouteGuideClientTest" name="listFeatures" time="0.08"/>
  <testcase classname="io.grpc.examples.routeguide.RouteGuideClientTest" name="recordRoute" time="0.01"/>
  <testcase classname="io.grpc.examples.routeguide.RouteGuideClientTest" name="listFeatures_error" time="0.006"/>
  <testcase classname="io.grpc.examples.routeguide.RouteGuideClientTest" name="getFeature_error" time="0.005"/>
</testsuite>